<?xml version="1.0" encoding="UTF-8"?>
<testsuite name="com.neznatnov.api.tests.CollectionsTest" tests="2" skipped="0" failures="0" errors="0" timestamp="2023-08-02T20:22:06" hostname="MacBook-Air-Veronika.local" time="3.141">
  <properties/>
  <testcase name="Checking a selection of photos in a collection" classname="com.neznatnov.api.tests.CollectionsTest" time="1.609"/>
  <testcase name="Getting a collection by correct id" classname="com.neznatnov.api.tests.CollectionsTest" time="1.531"/>
  <system-out><![CDATA[Request URI:	https://api.unsplash.com/collections/90Cf9k_JhcQ/photos
Body:			<none>
[
    {
        "id": "bpv5EY2EuAk",
        "slug": "the-ceiling-of-a-large-building-with-paintings-on-it-bpv5EY2EuAk",
        "created_at": "2023-07-29T15:41:23Z",
        "updated_at": "2023-08-02T03:37:16Z",
        "promoted_at": "2023-07-31T11:48:01Z",
        "width": 2624,
        "height": 3936,
        "color": "#402626",
        "blur_hash": "L39Gmu0L5B9G~TM~IARlIXaJ?aD%",
        "description": null,
        "alt_description": "the ceiling of a large building with paintings on it",
        "breadcrumbs": [
            
        ],
        "urls": {
            "raw": "https://images.unsplash.com/photo-1690644747837-dd18ef4d9e26?ixid=M3w0NzkzMjB8MHwxfGNvbGxlY3Rpb258MXw5MENmOWtfSmhjUXx8fHx8Mnx8MTY5MTAwNzcyN3w&ixlib=rb-4.0.3",
            "full": "https://images.unsplash.com/photo-1690644747837-dd18ef4d9e26?crop=entropy&cs=srgb&fm=jpg&ixid=M3w0NzkzMjB8MHwxfGNvbGxlY3Rpb258MXw5MENmOWtfSmhjUXx8fHx8Mnx8MTY5MTAwNzcyN3w&ixlib=rb-4.0.3&q=85",
            "regular": "https://images.unsplash.com/photo-1690644747837-dd18ef4d9e26?crop=entropy&cs=tinysrgb&fit=max&fm=jpg&ixid=M3w0NzkzMjB8MHwxfGNvbGxlY3Rpb258MXw5MENmOWtfSmhjUXx8fHx8Mnx8MTY5MTAwNzcyN3w&ixlib=rb-4.0.3&q=80&w=1080",
            "small": "https://images.unsplash.com/photo-1690644747837-dd18ef4d9e26?crop=entropy&cs=tinysrgb&fit=max&fm=jpg&ixid=M3w0NzkzMjB8MHwxfGNvbGxlY3Rpb258MXw5MENmOWtfSmhjUXx8fHx8Mnx8MTY5MTAwNzcyN3w&ixlib=rb-4.0.3&q=80&w=400",
            "thumb": "https://images.unsplash.com/photo-1690644747837-dd18ef4d9e26?crop=entropy&cs=tinysrgb&fit=max&fm=jpg&ixid=M3w0NzkzMjB8MHwxfGNvbGxlY3Rpb258MXw5MENmOWtfSmhjUXx8fHx8Mnx8MTY5MTAwNzcyN3w&ixlib=rb-4.0.3&q=80&w=200",
            "small_s3": "https://s3.us-west-2.amazonaws.com/images.unsplash.com/small/photo-1690644747837-dd18ef4d9e26"
        },
        "links": {
            "self": "https://api.unsplash.com/photos/the-ceiling-of-a-large-building-with-paintings-on-it-bpv5EY2EuAk",
            "html": "https://unsplash.com/photos/the-ceiling-of-a-large-building-with-paintings-on-it-bpv5EY2EuAk",
            "download": "https://unsplash.com/photos/bpv5EY2EuAk/download?ixid=M3w0NzkzMjB8MHwxfGNvbGxlY3Rpb258MXw5MENmOWtfSmhjUXx8fHx8Mnx8MTY5MTAwNzcyN3w",
            "download_location": "https://api.unsplash.com/photos/bpv5EY2EuAk/download?ixid=M3w0NzkzMjB8MHwxfGNvbGxlY3Rpb258MXw5MENmOWtfSmhjUXx8fHx8Mnx8MTY5MTAwNzcyN3w"
        },
        "likes": 43,
        "liked_by_user": false,
        "current_user_collections": [
            
        ],
        "sponsorship": null,
        "topic_submissions": {
            
        },
        "user": {
            "id": "MmKisbmlttE",
            "updated_at": "2023-08-02T17:36:34Z",
            "username": "eduardean",
            "name": "Edu González",
            "first_name": "Edu",
            "last_name": "González",
            "twitter_username": null,
            "portfolio_url": "https://www.instagram.com/eduardean_/",
            "bio": null,
            "location": "Madrid",
            "links": {
                "self": "https://api.unsplash.com/users/eduardean",
                "html": "https://unsplash.com/@eduardean",
                "photos": "https://api.unsplash.com/users/eduardean/photos",
                "likes": "https://api.unsplash.com/users/eduardean/likes",
                "portfolio": "https://api.unsplash.com/users/eduardean/portfolio",
                "following": "https://api.unsplash.com/users/eduardean/following",
                "followers": "https://api.unsplash.com/users/eduardean/followers"
            },
            "profile_image": {
                "small": "https://images.unsplash.com/profile-1607199492626-5c1e11897fadimage?ixlib=rb-4.0.3&crop=faces&fit=crop&w=32&h=32",
                "medium": "https://images.unsplash.com/profile-1607199492626-5c1e11897fadimage?ixlib=rb-4.0.3&crop=faces&fit=crop&w=64&h=64",
                "large": "https://images.unsplash.com/profile-1607199492626-5c1e11897fadimage?ixlib=rb-4.0.3&crop=faces&fit=crop&w=128&h=128"
            },
            "instagram_username": "eduardean_",
            "total_collections": 3,
            "total_likes": 25,
            "total_photos": 68,
            "accepted_tos": true,
            "for_hire": true,
            "social": {
                "instagram_username": "eduardean_",
                "portfolio_url": "https://www.instagram.com/eduardean_/",
                "twitter_username": null,
                "paypal_email": null
            }
        }
    }
]
Request URI:	https://api.unsplash.com/collections/90Cf9k_JhcQ
Body:			<none>
{
    "id": "90Cf9k_JhcQ",
    "title": "My first collection",
    "description": null,
    "published_at": "2023-07-24T11:12:32Z",
    "last_collected_at": "2023-07-31T19:55:02Z",
    "updated_at": "2023-07-31T19:55:02Z",
    "featured": false,
    "total_photos": 1,
    "private": false,
    "share_key": "9c02ee181bcd2176e0753909945075cb",
    "tags": [
        
    ],
    "links": {
        "self": "https://api.unsplash.com/collections/90Cf9k_JhcQ",
        "html": "https://unsplash.com/collections/90Cf9k_JhcQ/my-first-collection",
        "photos": "https://api.unsplash.com/collections/90Cf9k_JhcQ/photos",
        "related": "https://api.unsplash.com/collections/90Cf9k_JhcQ/related"
    },
    "user": {
        "id": "flN3pLjhDLw",
        "updated_at": "2023-08-01T20:35:03Z",
        "username": "neznatnov",
        "name": "Veronika Iatckaia",
        "first_name": "Veronika",
        "last_name": "Iatckaia",
        "twitter_username": null,
        "portfolio_url": null,
        "bio": null,
        "location": null,
        "links": {
            "self": "https://api.unsplash.com/users/neznatnov",
            "html": "https://unsplash.com/@neznatnov",
            "photos": "https://api.unsplash.com/users/neznatnov/photos",
            "likes": "https://api.unsplash.com/users/neznatnov/likes",
            "portfolio": "https://api.unsplash.com/users/neznatnov/portfolio",
            "following": "https://api.unsplash.com/users/neznatnov/following",
            "followers": "https://api.unsplash.com/users/neznatnov/followers"
        },
        "profile_image": {
            "small": "https://images.unsplash.com/placeholder-avatars/extra-large.jpg?ixlib=rb-4.0.3&crop=faces&fit=crop&w=32&h=32",
            "medium": "https://images.unsplash.com/placeholder-avatars/extra-large.jpg?ixlib=rb-4.0.3&crop=faces&fit=crop&w=64&h=64",
            "large": "https://images.unsplash.com/placeholder-avatars/extra-large.jpg?ixlib=rb-4.0.3&crop=faces&fit=crop&w=128&h=128"
        },
        "instagram_username": null,
        "total_collections": 1,
        "total_likes": 0,
        "total_photos": 0,
        "accepted_tos": true,
        "for_hire": false,
        "social": {
            "instagram_username": null,
            "portfolio_url": null,
            "twitter_username": null,
            "paypal_email": null
        }
    },
    "cover_photo": {
        "id": "bpv5EY2EuAk",
        "slug": "the-ceiling-of-a-large-building-with-paintings-on-it-bpv5EY2EuAk",
        "created_at": "2023-07-29T15:41:23Z",
        "updated_at": "2023-08-02T03:37:16Z",
        "promoted_at": "2023-07-31T11:48:01Z",
        "width": 2624,
        "height": 3936,
        "color": "#402626",
        "blur_hash": "L39Gmu0L5B9G~TM~IARlIXaJ?aD%",
        "description": null,
        "alt_description": "the ceiling of a large building with paintings on it",
        "breadcrumbs": [
            
        ],
        "urls": {
            "raw": "https://images.unsplash.com/photo-1690644747837-dd18ef4d9e26?ixlib=rb-4.0.3",
            "full": "https://images.unsplash.com/photo-1690644747837-dd18ef4d9e26?ixlib=rb-4.0.3&q=85&fm=jpg&crop=entropy&cs=srgb",
            "regular": "https://images.unsplash.com/photo-1690644747837-dd18ef4d9e26?ixlib=rb-4.0.3&q=80&fm=jpg&crop=entropy&cs=tinysrgb&w=1080&fit=max",
            "small": "https://images.unsplash.com/photo-1690644747837-dd18ef4d9e26?ixlib=rb-4.0.3&q=80&fm=jpg&crop=entropy&cs=tinysrgb&w=400&fit=max",
            "thumb": "https://images.unsplash.com/photo-1690644747837-dd18ef4d9e26?ixlib=rb-4.0.3&q=80&fm=jpg&crop=entropy&cs=tinysrgb&w=200&fit=max",
            "small_s3": "https://s3.us-west-2.amazonaws.com/images.unsplash.com/small/photo-1690644747837-dd18ef4d9e26"
        },
        "links": {
            "self": "https://api.unsplash.com/photos/the-ceiling-of-a-large-building-with-paintings-on-it-bpv5EY2EuAk",
            "html": "https://unsplash.com/photos/the-ceiling-of-a-large-building-with-paintings-on-it-bpv5EY2EuAk",
            "download": "https://unsplash.com/photos/bpv5EY2EuAk/download",
            "download_location": "https://api.unsplash.com/photos/bpv5EY2EuAk/download"
        },
        "likes": 43,
        "liked_by_user": false,
        "current_user_collections": [
            
        ],
        "sponsorship": null,
        "topic_submissions": {
            
        },
        "user": {
            "id": "MmKisbmlttE",
            "updated_at": "2023-08-02T17:36:34Z",
            "username": "eduardean",
            "name": "Edu González",
            "first_name": "Edu",
            "last_name": "González",
            "twitter_username": null,
            "portfolio_url": "https://www.instagram.com/eduardean_/",
            "bio": null,
            "location": "Madrid",
            "links": {
                "self": "https://api.unsplash.com/users/eduardean",
                "html": "https://unsplash.com/@eduardean",
                "photos": "https://api.unsplash.com/users/eduardean/photos",
                "likes": "https://api.unsplash.com/users/eduardean/likes",
                "portfolio": "https://api.unsplash.com/users/eduardean/portfolio",
                "following": "https://api.unsplash.com/users/eduardean/following",
                "followers": "https://api.unsplash.com/users/eduardean/followers"
            },
            "profile_image": {
                "small": "https://images.unsplash.com/profile-1607199492626-5c1e11897fadimage?ixlib=rb-4.0.3&crop=faces&fit=crop&w=32&h=32",
                "medium": "https://images.unsplash.com/profile-1607199492626-5c1e11897fadimage?ixlib=rb-4.0.3&crop=faces&fit=crop&w=64&h=64",
                "large": "https://images.unsplash.com/profile-1607199492626-5c1e11897fadimage?ixlib=rb-4.0.3&crop=faces&fit=crop&w=128&h=128"
            },
            "instagram_username": "eduardean_",
            "total_collections": 3,
            "total_likes": 25,
            "total_photos": 68,
            "accepted_tos": true,
            "for_hire": true,
            "social": {
                "instagram_username": "eduardean_",
                "portfolio_url": "https://www.instagram.com/eduardean_/",
                "twitter_username": null,
                "paypal_email": null
            }
        }
    },
    "preview_photos": [
        {
            "id": "bpv5EY2EuAk",
            "slug": "the-ceiling-of-a-large-building-with-paintings-on-it-bpv5EY2EuAk",
            "created_at": "2023-07-29T15:41:23Z",
            "updated_at": "2023-08-02T03:37:16Z",
            "blur_hash": "L39Gmu0L5B9G~TM~IARlIXaJ?aD%",
            "urls": {
                "raw": "https://images.unsplash.com/photo-1690644747837-dd18ef4d9e26?ixlib=rb-4.0.3",
                "full": "https://images.unsplash.com/photo-1690644747837-dd18ef4d9e26?ixlib=rb-4.0.3&q=85&fm=jpg&crop=entropy&cs=srgb",
                "regular": "https://images.unsplash.com/photo-1690644747837-dd18ef4d9e26?ixlib=rb-4.0.3&q=80&fm=jpg&crop=entropy&cs=tinysrgb&w=1080&fit=max",
                "small": "https://images.unsplash.com/photo-1690644747837-dd18ef4d9e26?ixlib=rb-4.0.3&q=80&fm=jpg&crop=entropy&cs=tinysrgb&w=400&fit=max",
                "thumb": "https://images.unsplash.com/photo-1690644747837-dd18ef4d9e26?ixlib=rb-4.0.3&q=80&fm=jpg&crop=entropy&cs=tinysrgb&w=200&fit=max",
                "small_s3": "https://s3.us-west-2.amazonaws.com/images.unsplash.com/small/photo-1690644747837-dd18ef4d9e26"
            }
        }
    ],
    "meta": {
        "title": null,
        "description": null,
        "index": false
    }
}
]]></system-out>
  <system-err><![CDATA[]]></system-err>
</testsuite>
