<?xml version="1.0" encoding="UTF-8"?>
<testsuite name="com.neznatnov.api.tests.CollectionsTest" tests="1" skipped="0" failures="0" errors="0" timestamp="2023-08-02T20:51:43" hostname="MacBook-Air-Veronika.local" time="1.56">
  <properties/>
  <testcase name="Checking a selection of photos in a collection" classname="com.neznatnov.api.tests.CollectionsTest" time="1.56"/>
  <system-out><![CDATA[Request URI:	https://api.unsplash.com/collections/Z_sUzmAPbkA/photos?per_page=5
Body:			<none>
[
    {
        "id": "FawcVGkwZtU",
        "slug": "FawcVGkwZtU",
        "created_at": "2022-10-23T15:26:09Z",
        "updated_at": "2023-08-02T10:32:29Z",
        "promoted_at": null,
        "width": 3423,
        "height": 4559,
        "color": "#262626",
        "blur_hash": "LrIMvMWBWBjZ}@afR*ayI?R+WVa}",
        "description": "A sunset over the beautiful towers of Prague, showing the true magic of the city",
        "alt_description": "a clock tower in a city",
        "breadcrumbs": [
            
        ],
        "urls": {
            "raw": "https://images.unsplash.com/photo-1666538689358-218bdc4dd911?ixid=M3w0NzkzMjB8MHwxfGNvbGxlY3Rpb258MXxaX3NVem1BUGJrQXx8fHx8Mnx8MTY5MTAwOTQ2Nnw&ixlib=rb-4.0.3",
            "full": "https://images.unsplash.com/photo-1666538689358-218bdc4dd911?crop=entropy&cs=srgb&fm=jpg&ixid=M3w0NzkzMjB8MHwxfGNvbGxlY3Rpb258MXxaX3NVem1BUGJrQXx8fHx8Mnx8MTY5MTAwOTQ2Nnw&ixlib=rb-4.0.3&q=85",
            "regular": "https://images.unsplash.com/photo-1666538689358-218bdc4dd911?crop=entropy&cs=tinysrgb&fit=max&fm=jpg&ixid=M3w0NzkzMjB8MHwxfGNvbGxlY3Rpb258MXxaX3NVem1BUGJrQXx8fHx8Mnx8MTY5MTAwOTQ2Nnw&ixlib=rb-4.0.3&q=80&w=1080",
            "small": "https://images.unsplash.com/photo-1666538689358-218bdc4dd911?crop=entropy&cs=tinysrgb&fit=max&fm=jpg&ixid=M3w0NzkzMjB8MHwxfGNvbGxlY3Rpb258MXxaX3NVem1BUGJrQXx8fHx8Mnx8MTY5MTAwOTQ2Nnw&ixlib=rb-4.0.3&q=80&w=400",
            "thumb": "https://images.unsplash.com/photo-1666538689358-218bdc4dd911?crop=entropy&cs=tinysrgb&fit=max&fm=jpg&ixid=M3w0NzkzMjB8MHwxfGNvbGxlY3Rpb258MXxaX3NVem1BUGJrQXx8fHx8Mnx8MTY5MTAwOTQ2Nnw&ixlib=rb-4.0.3&q=80&w=200",
            "small_s3": "https://s3.us-west-2.amazonaws.com/images.unsplash.com/small/photo-1666538689358-218bdc4dd911"
        },
        "links": {
            "self": "https://api.unsplash.com/photos/FawcVGkwZtU",
            "html": "https://unsplash.com/photos/FawcVGkwZtU",
            "download": "https://unsplash.com/photos/FawcVGkwZtU/download?ixid=M3w0NzkzMjB8MHwxfGNvbGxlY3Rpb258MXxaX3NVem1BUGJrQXx8fHx8Mnx8MTY5MTAwOTQ2Nnw",
            "download_location": "https://api.unsplash.com/photos/FawcVGkwZtU/download?ixid=M3w0NzkzMjB8MHwxfGNvbGxlY3Rpb258MXxaX3NVem1BUGJrQXx8fHx8Mnx8MTY5MTAwOTQ2Nnw"
        },
        "likes": 51,
        "liked_by_user": false,
        "current_user_collections": [
            
        ],
        "sponsorship": null,
        "topic_submissions": {
            "nature": {
                "status": "approved",
                "approved_on": "2022-10-26T16:35:48Z"
            },
            "street-photography": {
                "status": "approved",
                "approved_on": "2022-10-25T19:58:57Z"
            }
        },
        "user": {
            "id": "YrYb_a3DRyA",
            "updated_at": "2023-08-02T17:21:31Z",
            "username": "lisaaxv",
            "name": "Lisa van Vliet",
            "first_name": "Lisa",
            "last_name": "van Vliet",
            "twitter_username": null,
            "portfolio_url": null,
            "bio": "To wonder is to be alive.",
            "location": "Amsterdam",
            "links": {
                "self": "https://api.unsplash.com/users/lisaaxv",
                "html": "https://unsplash.com/@lisaaxv",
                "photos": "https://api.unsplash.com/users/lisaaxv/photos",
                "likes": "https://api.unsplash.com/users/lisaaxv/likes",
                "portfolio": "https://api.unsplash.com/users/lisaaxv/portfolio",
                "following": "https://api.unsplash.com/users/lisaaxv/following",
                "followers": "https://api.unsplash.com/users/lisaaxv/followers"
            },
            "profile_image": {
                "small": "https://images.unsplash.com/profile-fb-1525517617-e79f1e65ed71.jpg?ixlib=rb-4.0.3&crop=faces&fit=crop&w=32&h=32",
                "medium": "https://images.unsplash.com/profile-fb-1525517617-e79f1e65ed71.jpg?ixlib=rb-4.0.3&crop=faces&fit=crop&w=64&h=64",
                "large": "https://images.unsplash.com/profile-fb-1525517617-e79f1e65ed71.jpg?ixlib=rb-4.0.3&crop=faces&fit=crop&w=128&h=128"
            },
            "instagram_username": "lisaaxv",
            "total_collections": 11,
            "total_likes": 1,
            "total_photos": 218,
            "accepted_tos": true,
            "for_hire": false,
            "social": {
                "instagram_username": "lisaaxv",
                "portfolio_url": null,
                "twitter_username": null,
                "paypal_email": null
            }
        }
    },
    {
        "id": "GEpJMD4W-6k",
        "slug": "GEpJMD4W-6k",
        "created_at": "2022-10-23T15:26:10Z",
        "updated_at": "2023-08-02T11:32:34Z",
        "promoted_at": null,
        "width": 4431,
        "height": 3331,
        "color": "#c08c8c",
        "blur_hash": "LkHm_-NJWVWB~CR-fjayOFj[WUf5",
        "description": "A sunset over the beautiful towers of Prague, showing the true magic of the city",
        "alt_description": "a group of buildings with a cloudy sky",
        "breadcrumbs": [
            
        ],
        "urls": {
            "raw": "https://images.unsplash.com/photo-1666538689357-fa2cf0595e22?ixid=M3w0NzkzMjB8MHwxfGNvbGxlY3Rpb258MnxaX3NVem1BUGJrQXx8fHx8Mnx8MTY5MTAwOTQ2Nnw&ixlib=rb-4.0.3",
            "full": "https://images.unsplash.com/photo-1666538689357-fa2cf0595e22?crop=entropy&cs=srgb&fm=jpg&ixid=M3w0NzkzMjB8MHwxfGNvbGxlY3Rpb258MnxaX3NVem1BUGJrQXx8fHx8Mnx8MTY5MTAwOTQ2Nnw&ixlib=rb-4.0.3&q=85",
            "regular": "https://images.unsplash.com/photo-1666538689357-fa2cf0595e22?crop=entropy&cs=tinysrgb&fit=max&fm=jpg&ixid=M3w0NzkzMjB8MHwxfGNvbGxlY3Rpb258MnxaX3NVem1BUGJrQXx8fHx8Mnx8MTY5MTAwOTQ2Nnw&ixlib=rb-4.0.3&q=80&w=1080",
            "small": "https://images.unsplash.com/photo-1666538689357-fa2cf0595e22?crop=entropy&cs=tinysrgb&fit=max&fm=jpg&ixid=M3w0NzkzMjB8MHwxfGNvbGxlY3Rpb258MnxaX3NVem1BUGJrQXx8fHx8Mnx8MTY5MTAwOTQ2Nnw&ixlib=rb-4.0.3&q=80&w=400",
            "thumb": "https://images.unsplash.com/photo-1666538689357-fa2cf0595e22?crop=entropy&cs=tinysrgb&fit=max&fm=jpg&ixid=M3w0NzkzMjB8MHwxfGNvbGxlY3Rpb258MnxaX3NVem1BUGJrQXx8fHx8Mnx8MTY5MTAwOTQ2Nnw&ixlib=rb-4.0.3&q=80&w=200",
            "small_s3": "https://s3.us-west-2.amazonaws.com/images.unsplash.com/small/photo-1666538689357-fa2cf0595e22"
        },
        "links": {
            "self": "https://api.unsplash.com/photos/GEpJMD4W-6k",
            "html": "https://unsplash.com/photos/GEpJMD4W-6k",
            "download": "https://unsplash.com/photos/GEpJMD4W-6k/download?ixid=M3w0NzkzMjB8MHwxfGNvbGxlY3Rpb258MnxaX3NVem1BUGJrQXx8fHx8Mnx8MTY5MTAwOTQ2Nnw",
            "download_location": "https://api.unsplash.com/photos/GEpJMD4W-6k/download?ixid=M3w0NzkzMjB8MHwxfGNvbGxlY3Rpb258MnxaX3NVem1BUGJrQXx8fHx8Mnx8MTY5MTAwOTQ2Nnw"
        },
        "likes": 12,
        "liked_by_user": false,
        "current_user_collections": [
            
        ],
        "sponsorship": null,
        "topic_submissions": {
            "street-photography": {
                "status": "approved",
                "approved_on": "2022-10-25T19:58:57Z"
            }
        },
        "user": {
            "id": "YrYb_a3DRyA",
            "updated_at": "2023-08-02T17:21:31Z",
            "username": "lisaaxv",
            "name": "Lisa van Vliet",
            "first_name": "Lisa",
            "last_name": "van Vliet",
            "twitter_username": null,
            "portfolio_url": null,
            "bio": "To wonder is to be alive.",
            "location": "Amsterdam",
            "links": {
                "self": "https://api.unsplash.com/users/lisaaxv",
                "html": "https://unsplash.com/@lisaaxv",
                "photos": "https://api.unsplash.com/users/lisaaxv/photos",
                "likes": "https://api.unsplash.com/users/lisaaxv/likes",
                "portfolio": "https://api.unsplash.com/users/lisaaxv/portfolio",
                "following": "https://api.unsplash.com/users/lisaaxv/following",
                "followers": "https://api.unsplash.com/users/lisaaxv/followers"
            },
            "profile_image": {
                "small": "https://images.unsplash.com/profile-fb-1525517617-e79f1e65ed71.jpg?ixlib=rb-4.0.3&crop=faces&fit=crop&w=32&h=32",
                "medium": "https://images.unsplash.com/profile-fb-1525517617-e79f1e65ed71.jpg?ixlib=rb-4.0.3&crop=faces&fit=crop&w=64&h=64",
                "large": "https://images.unsplash.com/profile-fb-1525517617-e79f1e65ed71.jpg?ixlib=rb-4.0.3&crop=faces&fit=crop&w=128&h=128"
            },
            "instagram_username": "lisaaxv",
            "total_collections": 11,
            "total_likes": 1,
            "total_photos": 218,
            "accepted_tos": true,
            "for_hire": false,
            "social": {
                "instagram_username": "lisaaxv",
                "portfolio_url": null,
                "twitter_username": null,
                "paypal_email": null
            }
        }
    },
    {
        "id": "SXOYug3JUUw",
        "slug": "SXOYug3JUUw",
        "created_at": "2022-10-23T15:26:10Z",
        "updated_at": "2023-08-02T12:32:31Z",
        "promoted_at": null,
        "width": 3423,
        "height": 4559,
        "color": "#73c0d9",
        "blur_hash": "LXF?Iim+xZIo.Tn3s:fk9waJIUxu",
        "description": null,
        "alt_description": "a street with people and buildings on the side",
        "breadcrumbs": [
            
        ],
        "urls": {
            "raw": "https://images.unsplash.com/photo-1666538689575-aff03e6ac59c?ixid=M3w0NzkzMjB8MHwxfGNvbGxlY3Rpb258M3xaX3NVem1BUGJrQXx8fHx8Mnx8MTY5MTAwOTQ2Nnw&ixlib=rb-4.0.3",
            "full": "https://images.unsplash.com/photo-1666538689575-aff03e6ac59c?crop=entropy&cs=srgb&fm=jpg&ixid=M3w0NzkzMjB8MHwxfGNvbGxlY3Rpb258M3xaX3NVem1BUGJrQXx8fHx8Mnx8MTY5MTAwOTQ2Nnw&ixlib=rb-4.0.3&q=85",
            "regular": "https://images.unsplash.com/photo-1666538689575-aff03e6ac59c?crop=entropy&cs=tinysrgb&fit=max&fm=jpg&ixid=M3w0NzkzMjB8MHwxfGNvbGxlY3Rpb258M3xaX3NVem1BUGJrQXx8fHx8Mnx8MTY5MTAwOTQ2Nnw&ixlib=rb-4.0.3&q=80&w=1080",
            "small": "https://images.unsplash.com/photo-1666538689575-aff03e6ac59c?crop=entropy&cs=tinysrgb&fit=max&fm=jpg&ixid=M3w0NzkzMjB8MHwxfGNvbGxlY3Rpb258M3xaX3NVem1BUGJrQXx8fHx8Mnx8MTY5MTAwOTQ2Nnw&ixlib=rb-4.0.3&q=80&w=400",
            "thumb": "https://images.unsplash.com/photo-1666538689575-aff03e6ac59c?crop=entropy&cs=tinysrgb&fit=max&fm=jpg&ixid=M3w0NzkzMjB8MHwxfGNvbGxlY3Rpb258M3xaX3NVem1BUGJrQXx8fHx8Mnx8MTY5MTAwOTQ2Nnw&ixlib=rb-4.0.3&q=80&w=200",
            "small_s3": "https://s3.us-west-2.amazonaws.com/images.unsplash.com/small/photo-1666538689575-aff03e6ac59c"
        },
        "links": {
            "self": "https://api.unsplash.com/photos/SXOYug3JUUw",
            "html": "https://unsplash.com/photos/SXOYug3JUUw",
            "download": "https://unsplash.com/photos/SXOYug3JUUw/download?ixid=M3w0NzkzMjB8MHwxfGNvbGxlY3Rpb258M3xaX3NVem1BUGJrQXx8fHx8Mnx8MTY5MTAwOTQ2Nnw",
            "download_location": "https://api.unsplash.com/photos/SXOYug3JUUw/download?ixid=M3w0NzkzMjB8MHwxfGNvbGxlY3Rpb258M3xaX3NVem1BUGJrQXx8fHx8Mnx8MTY5MTAwOTQ2Nnw"
        },
        "likes": 7,
        "liked_by_user": false,
        "current_user_collections": [
            
        ],
        "sponsorship": null,
        "topic_submissions": {
            "street-photography": {
                "status": "rejected"
            }
        },
        "user": {
            "id": "YrYb_a3DRyA",
            "updated_at": "2023-08-02T17:21:31Z",
            "username": "lisaaxv",
            "name": "Lisa van Vliet",
            "first_name": "Lisa",
            "last_name": "van Vliet",
            "twitter_username": null,
            "portfolio_url": null,
            "bio": "To wonder is to be alive.",
            "location": "Amsterdam",
            "links": {
                "self": "https://api.unsplash.com/users/lisaaxv",
                "html": "https://unsplash.com/@lisaaxv",
                "photos": "https://api.unsplash.com/users/lisaaxv/photos",
                "likes": "https://api.unsplash.com/users/lisaaxv/likes",
                "portfolio": "https://api.unsplash.com/users/lisaaxv/portfolio",
                "following": "https://api.unsplash.com/users/lisaaxv/following",
                "followers": "https://api.unsplash.com/users/lisaaxv/followers"
            },
            "profile_image": {
                "small": "https://images.unsplash.com/profile-fb-1525517617-e79f1e65ed71.jpg?ixlib=rb-4.0.3&crop=faces&fit=crop&w=32&h=32",
                "medium": "https://images.unsplash.com/profile-fb-1525517617-e79f1e65ed71.jpg?ixlib=rb-4.0.3&crop=faces&fit=crop&w=64&h=64",
                "large": "https://images.unsplash.com/profile-fb-1525517617-e79f1e65ed71.jpg?ixlib=rb-4.0.3&crop=faces&fit=crop&w=128&h=128"
            },
            "instagram_username": "lisaaxv",
            "total_collections": 11,
            "total_likes": 1,
            "total_photos": 218,
            "accepted_tos": true,
            "for_hire": false,
            "social": {
                "instagram_username": "lisaaxv",
                "portfolio_url": null,
                "twitter_username": null,
                "paypal_email": null
            }
        }
    },
    {
        "id": "y76eUp3_yVU",
        "slug": "y76eUp3_yVU",
        "created_at": "2022-02-14T16:17:58Z",
        "updated_at": "2023-08-02T03:25:42Z",
        "promoted_at": null,
        "width": 3079,
        "height": 4328,
        "color": "#d9d9d9",
        "blur_hash": "LUG8.j_4j]xt%M%MoMaxMws.tRaz",
        "description": null,
        "alt_description": "a couple of people sitting next to a lake",
        "breadcrumbs": [
            
        ],
        "urls": {
            "raw": "https://images.unsplash.com/photo-1644855232291-37e35abeba3e?ixid=M3w0NzkzMjB8MHwxfGNvbGxlY3Rpb258NHxaX3NVem1BUGJrQXx8fHx8Mnx8MTY5MTAwOTQ2Nnw&ixlib=rb-4.0.3",
            "full": "https://images.unsplash.com/photo-1644855232291-37e35abeba3e?crop=entropy&cs=srgb&fm=jpg&ixid=M3w0NzkzMjB8MHwxfGNvbGxlY3Rpb258NHxaX3NVem1BUGJrQXx8fHx8Mnx8MTY5MTAwOTQ2Nnw&ixlib=rb-4.0.3&q=85",
            "regular": "https://images.unsplash.com/photo-1644855232291-37e35abeba3e?crop=entropy&cs=tinysrgb&fit=max&fm=jpg&ixid=M3w0NzkzMjB8MHwxfGNvbGxlY3Rpb258NHxaX3NVem1BUGJrQXx8fHx8Mnx8MTY5MTAwOTQ2Nnw&ixlib=rb-4.0.3&q=80&w=1080",
            "small": "https://images.unsplash.com/photo-1644855232291-37e35abeba3e?crop=entropy&cs=tinysrgb&fit=max&fm=jpg&ixid=M3w0NzkzMjB8MHwxfGNvbGxlY3Rpb258NHxaX3NVem1BUGJrQXx8fHx8Mnx8MTY5MTAwOTQ2Nnw&ixlib=rb-4.0.3&q=80&w=400",
            "thumb": "https://images.unsplash.com/photo-1644855232291-37e35abeba3e?crop=entropy&cs=tinysrgb&fit=max&fm=jpg&ixid=M3w0NzkzMjB8MHwxfGNvbGxlY3Rpb258NHxaX3NVem1BUGJrQXx8fHx8Mnx8MTY5MTAwOTQ2Nnw&ixlib=rb-4.0.3&q=80&w=200",
            "small_s3": "https://s3.us-west-2.amazonaws.com/images.unsplash.com/small/photo-1644855232291-37e35abeba3e"
        },
        "links": {
            "self": "https://api.unsplash.com/photos/y76eUp3_yVU",
            "html": "https://unsplash.com/photos/y76eUp3_yVU",
            "download": "https://unsplash.com/photos/y76eUp3_yVU/download?ixid=M3w0NzkzMjB8MHwxfGNvbGxlY3Rpb258NHxaX3NVem1BUGJrQXx8fHx8Mnx8MTY5MTAwOTQ2Nnw",
            "download_location": "https://api.unsplash.com/photos/y76eUp3_yVU/download?ixid=M3w0NzkzMjB8MHwxfGNvbGxlY3Rpb258NHxaX3NVem1BUGJrQXx8fHx8Mnx8MTY5MTAwOTQ2Nnw"
        },
        "likes": 4,
        "liked_by_user": false,
        "current_user_collections": [
            
        ],
        "sponsorship": null,
        "topic_submissions": {
            
        },
        "user": {
            "id": "YrYb_a3DRyA",
            "updated_at": "2023-08-02T17:21:31Z",
            "username": "lisaaxv",
            "name": "Lisa van Vliet",
            "first_name": "Lisa",
            "last_name": "van Vliet",
            "twitter_username": null,
            "portfolio_url": null,
            "bio": "To wonder is to be alive.",
            "location": "Amsterdam",
            "links": {
                "self": "https://api.unsplash.com/users/lisaaxv",
                "html": "https://unsplash.com/@lisaaxv",
                "photos": "https://api.unsplash.com/users/lisaaxv/photos",
                "likes": "https://api.unsplash.com/users/lisaaxv/likes",
                "portfolio": "https://api.unsplash.com/users/lisaaxv/portfolio",
                "following": "https://api.unsplash.com/users/lisaaxv/following",
                "followers": "https://api.unsplash.com/users/lisaaxv/followers"
            },
            "profile_image": {
                "small": "https://images.unsplash.com/profile-fb-1525517617-e79f1e65ed71.jpg?ixlib=rb-4.0.3&crop=faces&fit=crop&w=32&h=32",
                "medium": "https://images.unsplash.com/profile-fb-1525517617-e79f1e65ed71.jpg?ixlib=rb-4.0.3&crop=faces&fit=crop&w=64&h=64",
                "large": "https://images.unsplash.com/profile-fb-1525517617-e79f1e65ed71.jpg?ixlib=rb-4.0.3&crop=faces&fit=crop&w=128&h=128"
            },
            "instagram_username": "lisaaxv",
            "total_collections": 11,
            "total_likes": 1,
            "total_photos": 218,
            "accepted_tos": true,
            "for_hire": false,
            "social": {
                "instagram_username": "lisaaxv",
                "portfolio_url": null,
                "twitter_username": null,
                "paypal_email": null
            }
        }
    },
    {
        "id": "p1eGqs5ygzg",
        "slug": "p1eGqs5ygzg",
        "created_at": "2022-02-14T16:17:58Z",
        "updated_at": "2023-08-02T09:26:43Z",
        "promoted_at": null,
        "width": 3966,
        "height": 3134,
        "color": "#a6c0c0",
        "blur_hash": "LYFGXrM{M{WB_NoffkkCTKtRt7oL",
        "description": null,
        "alt_description": "a group of boats floating down a river next to a bridge",
        "breadcrumbs": [
            
        ],
        "urls": {
            "raw": "https://images.unsplash.com/photo-1644855231963-d337545055cf?ixid=M3w0NzkzMjB8MHwxfGNvbGxlY3Rpb258NXxaX3NVem1BUGJrQXx8fHx8Mnx8MTY5MTAwOTQ2Nnw&ixlib=rb-4.0.3",
            "full": "https://images.unsplash.com/photo-1644855231963-d337545055cf?crop=entropy&cs=srgb&fm=jpg&ixid=M3w0NzkzMjB8MHwxfGNvbGxlY3Rpb258NXxaX3NVem1BUGJrQXx8fHx8Mnx8MTY5MTAwOTQ2Nnw&ixlib=rb-4.0.3&q=85",
            "regular": "https://images.unsplash.com/photo-1644855231963-d337545055cf?crop=entropy&cs=tinysrgb&fit=max&fm=jpg&ixid=M3w0NzkzMjB8MHwxfGNvbGxlY3Rpb258NXxaX3NVem1BUGJrQXx8fHx8Mnx8MTY5MTAwOTQ2Nnw&ixlib=rb-4.0.3&q=80&w=1080",
            "small": "https://images.unsplash.com/photo-1644855231963-d337545055cf?crop=entropy&cs=tinysrgb&fit=max&fm=jpg&ixid=M3w0NzkzMjB8MHwxfGNvbGxlY3Rpb258NXxaX3NVem1BUGJrQXx8fHx8Mnx8MTY5MTAwOTQ2Nnw&ixlib=rb-4.0.3&q=80&w=400",
            "thumb": "https://images.unsplash.com/photo-1644855231963-d337545055cf?crop=entropy&cs=tinysrgb&fit=max&fm=jpg&ixid=M3w0NzkzMjB8MHwxfGNvbGxlY3Rpb258NXxaX3NVem1BUGJrQXx8fHx8Mnx8MTY5MTAwOTQ2Nnw&ixlib=rb-4.0.3&q=80&w=200",
            "small_s3": "https://s3.us-west-2.amazonaws.com/images.unsplash.com/small/photo-1644855231963-d337545055cf"
        },
        "links": {
            "self": "https://api.unsplash.com/photos/p1eGqs5ygzg",
            "html": "https://unsplash.com/photos/p1eGqs5ygzg",
            "download": "https://unsplash.com/photos/p1eGqs5ygzg/download?ixid=M3w0NzkzMjB8MHwxfGNvbGxlY3Rpb258NXxaX3NVem1BUGJrQXx8fHx8Mnx8MTY5MTAwOTQ2Nnw",
            "download_location": "https://api.unsplash.com/photos/p1eGqs5ygzg/download?ixid=M3w0NzkzMjB8MHwxfGNvbGxlY3Rpb258NXxaX3NVem1BUGJrQXx8fHx8Mnx8MTY5MTAwOTQ2Nnw"
        },
        "likes": 1,
        "liked_by_user": false,
        "current_user_collections": [
            
        ],
        "sponsorship": null,
        "topic_submissions": {
            
        },
        "user": {
            "id": "YrYb_a3DRyA",
            "updated_at": "2023-08-02T17:21:31Z",
            "username": "lisaaxv",
            "name": "Lisa van Vliet",
            "first_name": "Lisa",
            "last_name": "van Vliet",
            "twitter_username": null,
            "portfolio_url": null,
            "bio": "To wonder is to be alive.",
            "location": "Amsterdam",
            "links": {
                "self": "https://api.unsplash.com/users/lisaaxv",
                "html": "https://unsplash.com/@lisaaxv",
                "photos": "https://api.unsplash.com/users/lisaaxv/photos",
                "likes": "https://api.unsplash.com/users/lisaaxv/likes",
                "portfolio": "https://api.unsplash.com/users/lisaaxv/portfolio",
                "following": "https://api.unsplash.com/users/lisaaxv/following",
                "followers": "https://api.unsplash.com/users/lisaaxv/followers"
            },
            "profile_image": {
                "small": "https://images.unsplash.com/profile-fb-1525517617-e79f1e65ed71.jpg?ixlib=rb-4.0.3&crop=faces&fit=crop&w=32&h=32",
                "medium": "https://images.unsplash.com/profile-fb-1525517617-e79f1e65ed71.jpg?ixlib=rb-4.0.3&crop=faces&fit=crop&w=64&h=64",
                "large": "https://images.unsplash.com/profile-fb-1525517617-e79f1e65ed71.jpg?ixlib=rb-4.0.3&crop=faces&fit=crop&w=128&h=128"
            },
            "instagram_username": "lisaaxv",
            "total_collections": 11,
            "total_likes": 1,
            "total_photos": 218,
            "accepted_tos": true,
            "for_hire": false,
            "social": {
                "instagram_username": "lisaaxv",
                "portfolio_url": null,
                "twitter_username": null,
                "paypal_email": null
            }
        }
    }
]
]]></system-out>
  <system-err><![CDATA[]]></system-err>
</testsuite>
